<?xml version="1.0" encoding="UTF-8"?>
<testsuite xmlns:xsi="http://www.w3.org/2001/XMLSchema-instance" xsi:noNamespaceSchemaLocation="https://maven.apache.org/surefire/maven-surefire-plugin/xsd/surefire-test-report.xsd" version="3.0.2" name="io.github.lucasximenes30.libraryapi.LibraryapiApplicationTests" time="6.145" tests="1" errors="0" skipped="0" failures="0">
  <properties>
[...]
</properties>
  <testcase name="contextLoads" classname="io.github.lucasximenes30.libraryapi.LibraryapiApplicationTests" time="0.491">
    <system-out><![CDATA[10:44:10.114 [main] INFO org.springframework.test.context.support.AnnotationConfigContextLoaderUtils -- Could not detect default configuration classes for test class [io.github.lucasximenes30.libraryapi.LibraryapiApplicationTests]: LibraryapiApplicationTests does not declare any static, non-private, non-final, nested classes annotated with @Configuration.
10:44:10.289 [main] INFO org.springframework.boot.test.context.SpringBootTestContextBootstrapper -- Found @SpringBootConfiguration io.github.lucasximenes30.libraryapi.LibraryapiApplication for test class io.github.lucasximenes30.libraryapi.LibraryapiApplicationTests

  .   ____          _            __ _ _
 /\\ / ___'_ __ _ _(_)_ __  __ _ \ \ \ \
( ( )\___ | '_ | '_| | '_ \/ _` | \ \ \ \
 \\/  ___)| |_)| | | | | || (_| |  ) ) ) )
  '  |____| .__|_| |_|_| |_\__, | / / / /
 =========|_|==============|___/=/_/_/_/

 :: Spring Boot ::                (v3.5.5)

2026-01-29T10:44:10.829-03:00  INFO 23673 --- [libraryapi] [           main] i.g.l.l.LibraryapiApplicationTests       : Starting LibraryapiApplicationTests using Java 21.0.10 with PID 23673 (started by lucasximenes in /var/home/lucasximenes/IdeaProjects/library-api)
2026-01-29T10:44:10.831-03:00  INFO 23673 --- [libraryapi] [           main] i.g.l.l.LibraryapiApplicationTests       : No active profile set, falling back to 1 default profile: "default"
2026-01-29T10:44:11.704-03:00  INFO 23673 --- [libraryapi] [           main] .s.d.r.c.RepositoryConfigurationDelegate : Bootstrapping Spring Data JPA repositories in DEFAULT mode.
2026-01-29T10:44:11.771-03:00  INFO 23673 --- [libraryapi] [           main] .s.d.r.c.RepositoryConfigurationDelegate : Finished Spring Data repository scanning in 55 ms. Found 2 JPA repository interfaces.
2026-01-29T10:44:12.381-03:00  INFO 23673 --- [libraryapi] [           main] o.hibernate.jpa.internal.util.LogHelper  : HHH000204: Processing PersistenceUnitInfo [name: default]
2026-01-29T10:44:12.455-03:00  INFO 23673 --- [libraryapi] [           main] org.hibernate.Version                    : HHH000412: Hibernate ORM core version 6.6.26.Final
2026-01-29T10:44:12.497-03:00  INFO 23673 --- [libraryapi] [           main] o.h.c.internal.RegionFactoryInitiator    : HHH000026: Second-level cache disabled
2026-01-29T10:44:12.835-03:00  INFO 23673 --- [libraryapi] [           main] o.s.o.j.p.SpringPersistenceUnitInfo      : No LoadTimeWeaver setup: ignoring JPA class transformer
2026-01-29T10:44:12.864-03:00  INFO 23673 --- [libraryapi] [           main] com.zaxxer.hikari.HikariDataSource       : HikariPool-1 - Starting...
2026-01-29T10:44:13.083-03:00  INFO 23673 --- [libraryapi] [           main] com.zaxxer.hikari.pool.HikariPool        : HikariPool-1 - Added connection org.postgresql.jdbc.PgConnection@16ccd2bc
2026-01-29T10:44:13.086-03:00  INFO 23673 --- [libraryapi] [           main] com.zaxxer.hikari.HikariDataSource       : HikariPool-1 - Start completed.
2026-01-29T10:44:13.181-03:00  INFO 23673 --- [libraryapi] [           main] org.hibernate.orm.connections.pooling    : HHH10001005: Database info:
	Database JDBC URL [Connecting through datasource 'HikariDataSource (HikariPool-1)']
	Database driver: undefined/unknown
	Database version: 16.11
	Autocommit mode: undefined/unknown
	Isolation level: undefined/unknown
	Minimum pool size: undefined/unknown
	Maximum pool size: undefined/unknown
2026-01-29T10:44:14.503-03:00  INFO 23673 --- [libraryapi] [           main] o.h.e.t.j.p.i.JtaPlatformInitiator       : HHH000489: No JTA platform available (set 'hibernate.transaction.jta.platform' to enable JTA platform integration)
2026-01-29T10:44:14.508-03:00  INFO 23673 --- [libraryapi] [           main] j.LocalContainerEntityManagerFactoryBean : Initialized JPA EntityManagerFactory for persistence unit 'default'
2026-01-29T10:44:15.052-03:00  WARN 23673 --- [libraryapi] [           main] JpaBaseConfiguration$JpaWebConfiguration : spring.jpa.open-in-view is enabled by default. Therefore, database queries may be performed during view rendering. Explicitly configure spring.jpa.open-in-view to disable this warning
2026-01-29T10:44:15.534-03:00  INFO 23673 --- [libraryapi] [           main] i.g.l.l.LibraryapiApplicationTests       : Started LibraryapiApplicationTests in 5.061 seconds (process running for 6.289)
]]></system-out>
    <system-err><![CDATA[Mockito is currently self-attaching to enable the inline-mock-maker. This will no longer work in future releases of the JDK. Please add Mockito as an agent to your build as described in Mockito's documentation: https://javadoc.io/doc/org.mockito/mockito-core/latest/org.mockito/org/mockito/Mockito.html#0.3
WARNING: A Java agent has been loaded dynamically (/var/home/lucasximenes/.m2/repository/net/bytebuddy/byte-buddy-agent/1.17.7/byte-buddy-agent-1.17.7.jar)
WARNING: If a serviceability tool is in use, please run with -XX:+EnableDynamicAgentLoading to hide this warning
WARNING: If a serviceability tool is not in use, please run with -Djdk.instrument.traceUsage for more information
WARNING: Dynamic loading of agents will be disallowed by default in a future release
]]></system-err>
  </testcase>
</testsuite>